OxCal v4.4.4 Bronk Ramsey (2021); r:5
Atmospheric data from Reimer et al (2020)
terrestrial Curve(intcal20.14c)
Atmospheric data from Reimer et al (2020)
Phase IIa floor deposits in roundhouse Label()
GU-1228 R_Date(2470,133)
  68.3% probability
    766BC (65.5%) 466BC
    436BC ( 2.8%) 422BC
  95.4% probability
    898BC ( 1.4%) 862BC
    848BC (90.6%) 351BC
    292BC ( 3.5%) 208BC
GU-1154 R_Date(2460,112)
  68.3% probability
    754BC (17.9%) 681BC
    670BC (14.5%) 608BC
    594BC (31.7%) 461BC
    438BC ( 4.2%) 420BC
  95.4% probability
    821BC (94.4%) 358BC
    277BC ( 0.6%) 259BC
    245BC ( 0.4%) 234BC
Label()
roundhouse decommissioning dated by cow skull in rubble in-fill Label()
GU-1152 R_Date(2440,110)
  68.3% probability
    751BC (15.9%) 684BC
    668BC ( 7.8%) 634BC
    620BC ( 1.3%) 614BC
    590BC (43.2%) 408BC
  95.4% probability
    808BC (93.3%) 356BC
    280BC ( 2.2%) 232BC
Label()
Phase IIIa floor deposits from earth-house - after roundhouse decommissioning Label()
GU-1153 R_Date(2460,112)
  68.3% probability
    754BC (17.9%) 681BC
    670BC (14.5%) 608BC
    594BC (31.7%) 461BC
    438BC ( 4.2%) 420BC
  95.4% probability
    821BC (94.4%) 358BC
    277BC ( 0.6%) 259BC
    245BC ( 0.4%) 234BC
Label()
burials in rubble fills Label()
SUERC-68733 R_Date(2260,29)
  68.3% probability
    389BC (31.0%) 355BC
    280BC (37.3%) 232BC
  95.4% probability
    394BC (36.7%) 348BC
    311BC (58.7%) 206BC
SUERC-69075 R_Date(2271,33)
  68.3% probability
    394BC (36.6%) 356BC
    280BC (31.7%) 232BC
  95.4% probability
    398BC (42.1%) 349BC
    309BC (53.4%) 207BC
