OxCal v4.4.4 Bronk Ramsey (2021); r:5
Atmospheric data from Reimer et al (2020)
FALSE
OxCal v4.4.4 Bronk Ramsey (2021); r:5
terrestrial Curve(intcal20.14c)
Atmospheric data from Reimer et al (2020)
primary occupation of roundhouse Label()
Q-1464 R_Date(2440,85)
  68.3% probability
    749BC (17.2%) 686BC
    666BC ( 7.2%) 640BC
    569BC (43.9%) 410BC
  95.4% probability
    780BC (95.4%) 393BC
Q-1465 R_Date(2570,85)
  68.3% probability
    814BC (28.3%) 726BC
    700BC (10.4%) 662BC
    650BC (29.6%) 544BC
  95.4% probability
    897BC ( 2.6%) 869BC
    841BC (92.9%) 416BC
Label()
TAQ for secondary dividing wall E-K Label()
Q-1463 R_Date(2130,60)
  68.3% probability
    344BC ( 9.4%) 318BC
    203BC (58.8%) 52BC
  95.4% probability
    362BC (93.2%) 35BC
    15BC ( 2.2%) 5AD
