OxCal v4.4.4 Bronk Ramsey (2021); r:5
Atmospheric data from Reimer et al (2020)
FALSE
OxCal v4.4.4 Bronk Ramsey (2021); r:5
FALSE
OxCal v4.4.4 Bronk Ramsey (2021); r:5
terrestrial Curve(intcal20.14c)
Atmospheric data from Reimer et al (2020)
annexe wall packing Label()
GU-2208 R_Date(2470,50)
  68.3% probability
    756BC (24.5%) 680BC
    670BC (19.6%) 606BC
    597BC (24.2%) 516BC
  95.4% probability
    770BC (89.5%) 452BC
    446BC ( 6.0%) 416BC
Label()
roundhouse wall core Label()
GU-2207 R_Date(2510,140)
  68.3% probability
    794BC (67.2%) 476BC
    432BC ( 1.1%) 426BC
  95.4% probability
    976BC ( 0.6%) 952BC
    935BC (93.1%) 353BC
    285BC ( 1.7%) 228BC
Label()
peat from ground surface Label()
GU-2544 R_Date(2470,50)
  68.3% probability
    756BC (24.5%) 680BC
    670BC (19.6%) 606BC
    597BC (24.2%) 516BC
  95.4% probability
    770BC (89.5%) 452BC
    446BC ( 6.0%) 416BC
