OxCal v4.4.4 Bronk Ramsey (2021); r:5
Atmospheric data from Reimer et al (2020)
FALSE
OxCal v4.4.4 Bronk Ramsey (2021); r:5
terrestrial Curve(intcal20.14c)
Atmospheric data from Reimer et al (2020)
ground surface before roundhouse construction Label()
GU1580 R_Date(2510,80)
  68.3% probability
    786BC (68.3%) 542BC
  95.4% probability
    798BC (95.4%) 416BC
Label()
occupation layer outside roundhouse Label()
GU-1581 R_Date(2425,60)
  68.3% probability
    742BC (14.6%) 692BC
    664BC ( 5.3%) 646BC
    549BC (48.4%) 406BC
  95.4% probability
    758BC (20.4%) 678BC
    672BC (75.0%) 398BC
