OxCal v4.4.4 Bronk Ramsey (2021); r:5
Atmospheric data from Reimer et al (2020)
FALSE
OxCal v4.4.4 Bronk Ramsey (2021); r:5
terrestrial Curve(intcal20.14c)
Atmospheric data from Reimer et al (2020)
marine Curve(marine20.14c)
Marine data from Heaton et al (2020)
local_marine Delta_R(-107,36)
  68.3% probability
    -145 (68.3%) -69
  95.4% probability
    -180 (95.4%) -34
mixed_12_9 Mix_Curves(terrestrial,local_marine,12.9,10)
  68.3% probability
    4 (68.3%) 22
  95.4% probability
    -1 (95.4%) 30
mixed_15_3 Mix_Curves(terrestrial,local_marine,15.3,10)
  68.3% probability
    6 (68.3%) 25
  95.4% probability
    -1 (95.4%) 33
mixed_16_5 Mix_Curves(terrestrial,local_marine,16.5,10)
  68.3% probability
    7 (68.3%) 26
  95.4% probability
    -1 (95.4%) 34
mixed_20_0 Mix_Curves(terrestrial,local_marine,20,10)
  68.3% probability
    10 (68.3%) 30
  95.4% probability
    1 (95.4%) 39
mixed_22_4 Mix_Curves(terrestrial,local_marine,22.4,10)
  68.3% probability
    12 (68.3%) 32
  95.4% probability
    3 (95.4%) 42
start Pictish burials Boundary()
* = revised d13C from Barrett & Richards 2004 Label()
Label()
=terrestrial Curve()
T-6529: grave 25 * R_Date(1530,60)
  68.3% probability
    436AD (13.0%) 464AD
    475AD (11.8%) 500AD
    508AD ( 2.9%) 516AD
    530AD (40.6%) 601AD
  95.4% probability
    421AD (95.4%) 640AD
=mixed_12_9 Curve()
TO-7196: grave 7 R_Date(1540,40)
  68.3% probability
    545AD (68.3%) 640AD
  95.4% probability
    434AD (95.4%) 655AD
=terrestrial Curve()
T-7471: grave 28a * R_Date(1480,40)
  68.3% probability
    563AD (49.9%) 610AD
    618AD (18.4%) 639AD
  95.4% probability
    482AD ( 1.0%) 492AD
    536AD (94.5%) 654AD
=terrestrial Curve()
T-7470: grave 32 * R_Date(1410,60)
  68.3% probability
    590AD (68.3%) 666AD
  95.4% probability
    544AD (89.0%) 705AD
    737AD ( 6.4%) 774AD
=terrestrial Curve()
T-7468: grave 21 * R_Date(1410,30)
  68.3% probability
    606AD (30.9%) 625AD
    636AD (37.4%) 655AD
  95.4% probability
    596AD (95.4%) 664AD
=terrestrial Curve()
T-6528: grave 20 * R_Date(1400,60)
  68.3% probability
    590AD (68.3%) 673AD
  95.4% probability
    549AD (86.0%) 707AD
    729AD ( 9.5%) 774AD
=terrestrial Curve()
T-7466: grave 24 * R_Date(1400,40)
  68.3% probability
    606AD (28.0%) 628AD
    635AD (40.3%) 660AD
  95.4% probability
    575AD (94.4%) 678AD
    750AD ( 1.0%) 758AD
=terrestrial Curve()
T-6527: grave 10 * R_Date(1360,70)
  68.3% probability
    606AD ( 9.7%) 628AD
    634AD (41.0%) 704AD
    738AD (17.6%) 772AD
  95.4% probability
    563AD (90.2%) 778AD
    786AD ( 4.6%) 828AD
    859AD ( 0.7%) 870AD
=mixed_22_4 Curve()
T-7465: grave 13 R_Date(1430,40)
  68.3% probability
    646AD (41.9%) 709AD
    725AD (26.3%) 772AD
  95.4% probability
    598AD (90.7%) 779AD
    785AD ( 4.8%) 825AD
=terrestrial Curve()
T-6817: grave 26 * R_Date(1330,120)
  68.3% probability
    602AD (54.3%) 776AD
    786AD (10.2%) 830AD
    854AD ( 3.7%) 872AD
  95.4% probability
    440AD ( 0.4%) 450AD
    478AD ( 0.8%) 495AD
    534AD (94.2%) 990AD
=terrestrial Curve()
T-7469: grave 19 R_Date(1330,70)
  68.3% probability
    647AD (68.3%) 773AD
  95.4% probability
    599AD (81.6%) 778AD
    784AD ( 9.7%) 838AD
    844AD ( 4.1%) 878AD
=terrestrial Curve()
T-6813: grave 6 R_Date(1320,80)
  68.3% probability
    644AD (62.7%) 774AD
    792AD ( 3.1%) 803AD
    810AD ( 2.5%) 820AD
  95.4% probability
    586AD (95.4%) 889AD
=terrestrial Curve()
T-6816: grave 18 R_Date(1180,70)
  68.3% probability
    774AD (50.9%) 900AD
    918AD (17.4%) 972AD
  95.4% probability
    678AD (14.0%) 750AD
    757AD (81.4%) 994AD
=mixed_20_0 Curve()
T-7464: grave 9 R_Date(1220,40)
  68.3% probability
    779AD ( 1.1%) 782AD
    833AD ( 8.2%) 854AD
    871AD (58.9%) 990AD
  95.4% probability
    772AD (95.4%) 1024AD
=mixed_16_5 Curve()
TO-7198: grave 15 R_Date(1200,40)
  68.3% probability
    779AD ( 1.1%) 782AD
    836AD ( 4.6%) 848AD
    874AD (62.5%) 992AD
  95.4% probability
    772AD (95.4%) 1020AD
=mixed_15_3 Curve()
T-7467: grave 17 R_Date(1160,50)
  68.3% probability
    886AD (68.3%) 1020AD
  95.4% probability
    772AD (94.5%) 1050AD
    1084AD ( 0.4%) 1093AD
    1106AD ( 0.5%) 1116AD
duration of Pictish burials Interval()
( Phase Pictish burials
Pictish burials Phase()
) Phase Pictish burials
end Pictish burials Boundary()
( Sequence Westness Pictish burials
Westness Pictish burials Sequence()
) Sequence Westness Pictish burials
i : Using logs - function probability low
Posterior 
( MCMC(30000)
Overall agreement  87.5%
Dynamic agreement  97.4%
local_marine Posterior 
  68.3% probability
    -150 (68.3%) -78
  95.4% probability
    -186 (95.4%) -42
 Agreement  99.3%
mixed_12_9 Posterior 
  68.3% probability
    7 (68.3%) 25
  95.4% probability
    -0 (95.4%) 32
 Agreement  98.7%
mixed_15_3 Posterior 
  68.3% probability
    -0 (68.3%) 13
  95.4% probability
    -0 (95.4%) 24
 Agreement  98.3%
mixed_16_5 Posterior 
  68.3% probability
    1 (68.3%) 17
  95.4% probability
    -0 (95.4%) 26
 Agreement  98.4%
mixed_20_0 Posterior 
  68.3% probability
    5 (68.3%) 22
  95.4% probability
    -0 (95.4%) 29
 Agreement  95.6%
mixed_22_4 Posterior 
  68.3% probability
    17 (68.3%) 36
  95.4% probability
    5 (95.4%) 44
 Agreement  96.5%
start Pictish burials Posterior 
  68.3% probability
    534AD (68.3%) 599AD
  95.4% probability
    477AD (95.4%) 624AD
T-6529: grave 25 * Posterior 
  68.3% probability
    566AD (45.7%) 610AD
    617AD (22.6%) 640AD
  95.4% probability
    534AD (95.4%) 653AD
 Agreement  91.7%
TO-7196: grave 7 Posterior 
  68.3% probability
    580AD (68.3%) 642AD
  95.4% probability
    546AD (95.4%) 658AD
 Agreement 114.0%
T-7471: grave 28a * Posterior 
  68.3% probability
    582AD (68.3%) 640AD
  95.4% probability
    555AD (95.4%) 650AD
 Agreement 105.7%
T-7470: grave 32 * Posterior 
  68.3% probability
    597AD (68.3%) 665AD
  95.4% probability
    562AD (89.1%) 702AD
    740AD ( 6.4%) 772AD
 Agreement 105.5%
T-7468: grave 21 * Posterior 
  68.3% probability
    607AD (29.3%) 625AD
    636AD (39.0%) 655AD
  95.4% probability
    598AD (95.4%) 663AD
 Agreement  99.7%
T-6528: grave 20 * Posterior 
  68.3% probability
    596AD (68.3%) 671AD
  95.4% probability
    566AD (86.0%) 707AD
    734AD ( 9.5%) 773AD
 Agreement 104.2%
T-7466: grave 24 * Posterior 
  68.3% probability
    608AD (24.8%) 626AD
    635AD (43.4%) 660AD
  95.4% probability
    580AD (94.5%) 679AD
    750AD ( 0.9%) 757AD
 Agreement 100.9%
T-6527: grave 10 * Posterior 
  68.3% probability
    608AD ( 7.9%) 625AD
    636AD (42.6%) 703AD
    739AD (17.8%) 771AD
  95.4% probability
    578AD (92.0%) 778AD
    790AD ( 3.4%) 820AD
 Agreement 103.3%
T-7465: grave 13 Posterior 
  68.3% probability
    645AD (46.2%) 708AD
    736AD (22.0%) 772AD
  95.4% probability
    601AD (92.0%) 779AD
    787AD ( 3.5%) 818AD
 Agreement 101.7%
T-6817: grave 26 * Posterior 
  68.3% probability
    608AD (66.1%) 776AD
    791AD ( 2.2%) 798AD
  95.4% probability
    570AD (95.4%) 883AD
 Agreement 114.8%
T-7469: grave 19 Posterior 
  68.3% probability
    648AD (37.8%) 710AD
    719AD (30.4%) 772AD
  95.4% probability
    596AD (94.3%) 835AD
    854AD ( 1.1%) 867AD
 Agreement 103.4%
T-6813: grave 6 Posterior 
  68.3% probability
    646AD (68.3%) 774AD
  95.4% probability
    600AD (95.4%) 870AD
 Agreement 105.8%
T-6816: grave 18 Posterior 
  68.3% probability
    701AD (17.3%) 741AD
    770AD (51.0%) 868AD
  95.4% probability
    668AD (93.2%) 910AD
    915AD ( 2.2%) 935AD
 Agreement  97.6%
T-7464: grave 9 Posterior 
  68.3% probability
    772AD (61.6%) 866AD
    878AD ( 6.7%) 894AD
  95.4% probability
    694AD ( 7.8%) 742AD
    768AD (87.6%) 962AD
 Agreement  79.3%
TO-7198: grave 15 Posterior 
  68.3% probability
    772AD (61.0%) 861AD
    880AD ( 7.2%) 896AD
  95.4% probability
    704AD ( 5.4%) 739AD
    770AD (90.0%) 965AD
 Agreement  77.2%
T-7467: grave 17 Posterior 
  68.3% probability
    772AD (53.3%) 856AD
    882AD (14.9%) 914AD
  95.4% probability
    705AD ( 4.5%) 738AD
    770AD (91.0%) 975AD
 Agreement  63.4%
duration of Pictish burials Posterior 
  68.3% probability
    233 (68.3%) 404
  95.4% probability
    170 (95.4%) 502
end Pictish burials Posterior 
  68.3% probability
    795AD (68.3%) 940AD
  95.4% probability
    778AD (95.4%) 1012AD
) MCMC(960000)
